Using pre-set license

 COMMAND LINE ARGUMENTS:
/Applications/Unity/Hub/Editor/2021.1.9f1/Unity.app/Contents/MacOS/Unity
-adb2
-batchMode
-noUpm
-name
AssetImportWorker0
-projectPath
/Users/malialis/Documents/UnityTuts/SuperMalialisBros/SuperMalialisBros
-logFile
Logs/AssetImportWorker0.log
-srvPort
49932
Successfully changed project path to: /Users/malialis/Documents/UnityTuts/SuperMalialisBros/SuperMalialisBros
/Users/malialis/Documents/UnityTuts/SuperMalialisBros/SuperMalialisBros
Using Asset Import Pipeline V2.
Refreshing native plugins compatible for Editor in 195.88 ms, found 3 plugins.
Preloading 0 native plugins for Editor in 0.00 ms.
Initialize engine version: 2021.1.9f1 (7a790e367ab3)
[Subsystems] Discovering subsystems at path /Applications/Unity/Hub/Editor/2021.1.9f1/Unity.app/Contents/Resources/UnitySubsystems
[Subsystems] Discovering subsystems at path /Users/malialis/Documents/UnityTuts/SuperMalialisBros/SuperMalialisBros/Assets
GfxDevice: creating device client; threaded=0; jobified=0
Renderer: AMD Radeon HD 6770M OpenGL Engine
Vendor:   ATI Technologies Inc.
Version:  4.1 ATI-1.68.25
GLES:     0
 GL_ARB_blend_func_extended GL_ARB_draw_buffers_blend GL_ARB_draw_indirect GL_ARB_ES2_compatibility GL_ARB_explicit_attrib_location GL_ARB_gpu_shader5 GL_ARB_instanced_arrays GL_ARB_internalformat_query GL_ARB_occlusion_query2 GL_ARB_sample_shading GL_ARB_sampler_objects GL_ARB_separate_shader_objects GL_ARB_shader_bit_encoding GL_ARB_shader_subroutine GL_ARB_shading_language_include GL_ARB_tessellation_shader GL_ARB_texture_buffer_object_rgb32 GL_ARB_texture_cube_map_array GL_ARB_texture_gather GL_ARB_texture_query_lod GL_ARB_texture_rgb10_a2ui GL_ARB_texture_storage GL_ARB_texture_swizzle GL_ARB_timer_query GL_ARB_transform_feedback2 GL_ARB_transform_feedback3 GL_ARB_vertex_type_2_10_10_10_rev GL_ARB_viewport_array GL_EXT_debug_label GL_EXT_debug_marker GL_EXT_texture_compression_s3tc GL_EXT_texture_filter_anisotropic GL_EXT_texture_mirror_clamp GL_EXT_texture_sRGB_decode GL_APPLE_client_storage GL_APPLE_container_object_shareable GL_APPLE_flush_render GL_APPLE_object_purgeable GL_APPLE_rgb_422 GL_APPLE_ro
w_bytes GL_APPLE_texture_range GL_ATI_texture_mirror_once GL_NV_texture_barrier
OPENGL LOG: Creating OpenGL 4.1 graphics device ; Context level  <OpenGL 4.1> ; Context handle -1694088704
Initialize mono
Mono path[0] = '/Applications/Unity/Hub/Editor/2021.1.9f1/Unity.app/Contents/Managed'
Mono path[1] = '/Applications/Unity/Hub/Editor/2021.1.9f1/Unity.app/Contents/MonoBleedingEdge/lib/mono/unityjit'
Mono config path = '/Applications/Unity/Hub/Editor/2021.1.9f1/Unity.app/Contents/MonoBleedingEdge/etc'
Using monoOptions --debugger-agent=transport=dt_socket,embedding=1,server=y,suspend=n,address=127.0.0.1:56970
Begin MonoManager ReloadAssembly
Registering precompiled unity dll's ...
Register platform support module: /Applications/Unity/Hub/Editor/2021.1.9f1/PlaybackEngines/WebGLSupport/UnityEditor.WebGL.Extensions.dll
Register platform support module: /Applications/Unity/Hub/Editor/2021.1.9f1/Unity.app/Contents/PlaybackEngines/MacStandaloneSupport/UnityEditor.OSXStandalone.Extensions.dll
Registered in 0.000845 seconds.
Native extension for OSXStandalone target not found
Native extension for WebGL target not found
Refreshing native plugins compatible for Editor in 192.73 ms, found 3 plugins.
Preloading 0 native plugins for Editor in 0.00 ms.
Mono: successfully reloaded assembly
- Completed reload, in  3.482 seconds
Domain Reload Profiling:
	ReloadAssembly (3482ms)
		BeginReloadAssembly (56ms)
			ExecutionOrderSort (0ms)
			DisableScriptedObjects (0ms)
			BackupInstance (0ms)
			ReleaseScriptingObjects (0ms)
			CreateAndSetChildDomain (2ms)
		EndReloadAssembly (940ms)
			LoadAssemblies (54ms)
			RebuildTransferFunctionScriptingTraits (0ms)
			SetupTypeCache (347ms)
			ReleaseScriptCaches (0ms)
			RebuildScriptCaches (64ms)
			SetupLoadedEditorAssemblies (456ms)
				LogAssemblyErrors (0ms)
				InitializePlatformSupportModulesInManaged (10ms)
				SetLoadedEditorAssemblies (0ms)
				RefreshPlugins (193ms)
				BeforeProcessingInitializeOnLoad (2ms)
				ProcessInitializeOnLoadAttributes (199ms)
				ProcessInitializeOnLoadMethodAttributes (52ms)
				AfterProcessingInitializeOnLoad (0ms)
				EditorAssembliesLoaded (0ms)
			ExecutionOrderSort2 (0ms)
			AwakeInstancesAfterBackupRestoration (0ms)
Platform modules already initialized, skipping
Registering precompiled user dll's ...
Registered in 0.004422 seconds.
Begin MonoManager ReloadAssembly
Symbol file LoadedFromMemory doesn't match image /Users/malialis/Documents/UnityTuts/SuperMalialisBros/SuperMalialisBros/Library/PackageCache/com.unity.visualscripting@1.6.1/Editor/VisualScripting.Core/Dependencies/YamlDotNet/Unity.VisualScripting.YamlDotNet.dll
Symbol file LoadedFromMemory doesn't match image /Users/malialis/Documents/UnityTuts/SuperMalialisBros/SuperMalialisBros/Library/PackageCache/com.unity.visualscripting@1.6.1/Editor/VisualScripting.Core/Dependencies/DotNetZip/Unity.VisualScripting.IonicZip.dll
Native extension for OSXStandalone target not found
Native extension for WebGL target not found
Refreshing native plugins compatible for Editor in 192.58 ms, found 3 plugins.
Preloading 0 native plugins for Editor in 0.00 ms.
Mono: successfully reloaded assembly
- Completed reload, in  2.300 seconds
Domain Reload Profiling:
	ReloadAssembly (2301ms)
		BeginReloadAssembly (247ms)
			ExecutionOrderSort (0ms)
			DisableScriptedObjects (8ms)
			BackupInstance (0ms)
			ReleaseScriptingObjects (0ms)
			CreateAndSetChildDomain (52ms)
		EndReloadAssembly (1944ms)
			LoadAssemblies (111ms)
			RebuildTransferFunctionScriptingTraits (0ms)
			SetupTypeCache (729ms)
			ReleaseScriptCaches (1ms)
			RebuildScriptCaches (107ms)
			SetupLoadedEditorAssemblies (791ms)
				LogAssemblyErrors (0ms)
				InitializePlatformSupportModulesInManaged (6ms)
				SetLoadedEditorAssemblies (0ms)
				RefreshPlugins (193ms)
				BeforeProcessingInitializeOnLoad (151ms)
				ProcessInitializeOnLoadAttributes (416ms)
				ProcessInitializeOnLoadMethodAttributes (23ms)
				AfterProcessingInitializeOnLoad (2ms)
				EditorAssembliesLoaded (0ms)
			ExecutionOrderSort2 (0ms)
			AwakeInstancesAfterBackupRestoration (12ms)
Platform modules already initialized, skipping
========================================================================
Worker process is ready to serve import requests
Launching external process: /Applications/Unity/Hub/Editor/2021.1.9f1/Unity.app/Contents/Tools/UnityShaderCompiler
Launched and connected shader compiler UnityShaderCompiler after 0.02 seconds
Refreshing native plugins compatible for Editor in 0.98 ms, found 3 plugins.
Preloading 0 native plugins for Editor in 0.00 ms.
Unloading 3668 Unused Serialized files (Serialized files now loaded: 0)
System memory in use before: 228.0 MB.
System memory in use after: 228.1 MB.

Unloading 37 unused Assets to reduce memory usage. Loaded Objects now: 4112.
Total: 3.551239 ms (FindLiveObjects: 0.304082 ms CreateObjectMapping: 0.159036 ms MarkObjects: 2.943768 ms  DeleteObjects: 0.142655 ms)

AssetImportParameters requested are different than current active one (requested -> active):
  custom:video-decoder-ogg-theora: a1e56fd34408186e4bbccfd4996cb3dc -> 
  custom:container-muxer-webm: aa71ff27fc2769a1b78a27578f13a17b -> 
  custom:container-demuxer-webm: 4f35f7cbe854078d1ac9338744f61a02 -> 
  custom:container-demuxer-ogg: 62fdf1f143b41e24485cea50d1cbac27 -> 
  custom:video-encoder-webm-vp8: eb34c28f22e8b96e1ab97ce403110664 -> 
  custom:framework-osx-AVFoundation: b23960f63f64bdc6ff669e2cdcee2391 -> 
  custom:video-decoder-webm-vp8: 9c59270c3fd7afecdb556c50c9e8de78 -> 
  custom:audio-decoder-ogg-vorbis: bf7c407c2cedff20999df2af8eb42d56 -> 
  custom:audio-encoder-webm-vorbis: bf7c407c2cedff20999df2af8eb42d56 -> 
========================================================================
Received Import Request.
  path: Assets/Graphics/block-typeA.png
  artifactKey: Guid(6de0e3f0fa8d44d59a4becb862a1b405) Importer(815301076,1909f56bfc062723c751e8b465ee728b)
Start importing Assets/Graphics/block-typeA.png using Guid(6de0e3f0fa8d44d59a4becb862a1b405) Importer(815301076,1909f56bfc062723c751e8b465ee728b)  -> (artifact id: '176e97bbcec10fca05a346cc9681eeec') in 0.385534 seconds 
========================================================================
Received Import Request.
  Time since last request: 3.373353 seconds.
  path: Assets/Graphics/castle_block_1.png
  artifactKey: Guid(e193c69471ec54f25a58e429e5968c40) Importer(815301076,1909f56bfc062723c751e8b465ee728b)
Start importing Assets/Graphics/castle_block_1.png using Guid(e193c69471ec54f25a58e429e5968c40) Importer(815301076,1909f56bfc062723c751e8b465ee728b)  -> (artifact id: 'ade4ae3c2f39052e73fab7090caaa430') in 0.009956 seconds 
========================================================================
Received Import Request.
  Time since last request: 28.097748 seconds.
  path: Assets/Graphics/castle_block_1.png
  artifactKey: Guid(e193c69471ec54f25a58e429e5968c40) Importer(815301076,1909f56bfc062723c751e8b465ee728b)
Start importing Assets/Graphics/castle_block_1.png using Guid(e193c69471ec54f25a58e429e5968c40) Importer(815301076,1909f56bfc062723c751e8b465ee728b)  -> (artifact id: '8d133598205bd886caf3cb67d3b2e8d8') in 0.009216 seconds 
========================================================================
Received Import Request.
  Time since last request: 197.342661 seconds.
  path: Assets/Graphics/enemy_walk_2.png
  artifactKey: Guid(e234a9e7237ab4f9ca19434cfd3d0dd8) Importer(815301076,1909f56bfc062723c751e8b465ee728b)
Start importing Assets/Graphics/enemy_walk_2.png using Guid(e234a9e7237ab4f9ca19434cfd3d0dd8) Importer(815301076,1909f56bfc062723c751e8b465ee728b)  -> (artifact id: 'a35557fa3c89ec2476431336fd95167d') in 0.008091 seconds 
========================================================================
Received Import Request.
  Time since last request: 17.898621 seconds.
  path: Assets/Graphics/castle_block_1.png
  artifactKey: Guid(e193c69471ec54f25a58e429e5968c40) Importer(815301076,1909f56bfc062723c751e8b465ee728b)
Start importing Assets/Graphics/castle_block_1.png using Guid(e193c69471ec54f25a58e429e5968c40) Importer(815301076,1909f56bfc062723c751e8b465ee728b)  -> (artifact id: 'e32a56901e3803a5dd5043e07bc0aa44') in 0.006917 seconds 
========================================================================
Received Import Request.
  Time since last request: 5.634694 seconds.
  path: Assets/Graphics/enemy_crushed.png
  artifactKey: Guid(3a2a2fc0ba6a244ceacb68c308b9b5a0) Importer(815301076,1909f56bfc062723c751e8b465ee728b)
Start importing Assets/Graphics/enemy_crushed.png using Guid(3a2a2fc0ba6a244ceacb68c308b9b5a0) Importer(815301076,1909f56bfc062723c751e8b465ee728b)  -> (artifact id: '3c34be28816fa946d5211ab6350760e9') in 0.008242 seconds 
========================================================================
Received Import Request.
  Time since last request: 75.969951 seconds.
  path: Assets/Animations/Player/idle_animation.anim
  artifactKey: Guid(3abb2202ff84746309f0ac54a73526f9) Importer(815301076,1909f56bfc062723c751e8b465ee728b)
Start importing Assets/Animations/Player/idle_animation.anim using Guid(3abb2202ff84746309f0ac54a73526f9) Importer(815301076,1909f56bfc062723c751e8b465ee728b)  -> (artifact id: '74b4e882361011e35b1867f522693cdd') in 0.202875 seconds 
========================================================================
Received Import Request.
  Time since last request: 516.385924 seconds.
  path: Assets/Sprites/MarioAndLuigi.png
  artifactKey: Guid(c9d4bdfd0bbdf4c73812c5af8f78be30) Importer(815301076,1909f56bfc062723c751e8b465ee728b)
Start importing Assets/Sprites/MarioAndLuigi.png using Guid(c9d4bdfd0bbdf4c73812c5af8f78be30) Importer(815301076,1909f56bfc062723c751e8b465ee728b)  -> (artifact id: '715617f9a7bb515401d5f981912ce2ac') in 0.451614 seconds 
